        -:    0:Source:C:/Users/Dan/Desktop/Uni/OOP/Lab8/tests/tests_repository.cpp
        -:    0:Graph:C:\Users\Dan\Desktop\Uni\OOP\Lab8\cmake-build-debug\CMakeFiles\Lab8.dir\tests\tests_repository.cpp.gcno
        -:    0:Data:C:\Users\Dan\Desktop\Uni\OOP\Lab8\cmake-build-debug\CMakeFiles\Lab8.dir\tests\tests_repository.cpp.gcda
        -:    0:Runs:1
        -:    0:Programs:1
        -:    1:#include "tests_repository.h"
        -:    2:
        1:    3:void test__set_repo_file__valid_file__repo_file_is_modified() {
        1:    4:        Repository repo{};
        1:    4-block  0
    $$$$$:    4-block  1
        1:    5:        repo.set_repo_file("aaa");
        1:    5-block  0
        1:    5-block  1
        1:    5-block  2
    $$$$$:    5-block  3
    $$$$$:    5-block  4
    $$$$$:    5-block  5
    $$$$$:    5-block  6
       1*:    6:        assert(repo.get_repo_file() == "aaa");
        1:    6-block  0
    %%%%%:    6-block  1
        1:    6-block  2
    %%%%%:    6-block  3
        1:    6-block  4
        1:    6-block  5
        1:    6-block  6
    $$$$$:    6-block  7
    $$$$$:    6-block  8
    $$$$$:    6-block  9
        1:    7:}
        -:    8:
        1:    9:void test__set_my_list_file__valid_file__my_list_file_is_modified() {
        1:   10:        Repository repo{};
        1:   10-block  0
    $$$$$:   10-block  1
        1:   11:        repo.set_my_list_file("aaa");
        1:   11-block  0
        1:   11-block  1
        1:   11-block  2
    $$$$$:   11-block  3
    $$$$$:   11-block  4
    $$$$$:   11-block  5
    $$$$$:   11-block  6
       1*:   12:        assert(repo.get_my_list_file() == "aaa");
        1:   12-block  0
    %%%%%:   12-block  1
        1:   12-block  2
    %%%%%:   12-block  3
        1:   12-block  4
        1:   12-block  5
        1:   12-block  6
    $$$$$:   12-block  7
    $$$$$:   12-block  8
    $$$$$:   12-block  9
        1:   13:}
        -:   14:
        1:   15:void test__add_guardian_statue__guardian_statue_does_not_exist__guardian_statue_added() {
        2:   16:        Repository repo{};
        1:   16-block  0
    $$$$$:   16-block  1
        1:   17:        repo.set_repo_file("test.txt");
        1:   17-block  0
        1:   17-block  1
        1:   17-block  2
    $$$$$:   17-block  3
    $$$$$:   17-block  4
    $$$$$:   17-block  5
    $$$$$:   17-block  6
        3:   18:        GuardianStatue statue{"aa", "bb", 1, "cc"};
        1:   18-block  0
        1:   18-block  1
        1:   18-block  2
        1:   18-block  3
    $$$$$:   18-block  4
    $$$$$:   18-block  5
    $$$$$:   18-block  6
    $$$$$:   18-block  7
    $$$$$:   18-block  8
    $$$$$:   18-block  9
    $$$$$:   18-block 10
        1:   19:        repo.add_guardian_statue(statue);
       1*:   20:        assert(repo.get_guardian_statues().at(0) == statue);
        1:   20-block  0
        1:   20-block  1
        1:   20-block  2
        1:   20-block  3
    %%%%%:   20-block  4
        1:   20-block  5
    %%%%%:   20-block  6
        1:   20-block  7
        1:   20-block  8
    $$$$$:   20-block  9
    $$$$$:   20-block 10
    $$$$$:   20-block 11
        1:   21:        std::remove("test.txt");
        1:   21-block  0
        1:   22:}
        -:   23:
        1:   24:void test__add_guardian_statue__guardian_statue_exists__exception_is_thrown() {
        2:   25:        Repository repo{};
        1:   25-block  0
    $$$$$:   25-block  1
        1:   26:        repo.set_repo_file("test.txt");
        1:   26-block  0
        1:   26-block  1
        1:   26-block  2
    $$$$$:   26-block  3
    $$$$$:   26-block  4
    $$$$$:   26-block  5
    $$$$$:   26-block  6
        3:   27:        GuardianStatue statue{"aa", "bb", 1, "cc"};
        1:   27-block  0
        1:   27-block  1
        1:   27-block  2
        1:   27-block  3
    $$$$$:   27-block  4
    $$$$$:   27-block  5
    $$$$$:   27-block  6
    $$$$$:   27-block  7
    $$$$$:   27-block  8
    $$$$$:   27-block  9
    $$$$$:   27-block 10
        1:   28:        repo.add_guardian_statue(statue);
        -:   29:        try {
        1:   30:            repo.add_guardian_statue(statue);
        1:   30-block  0
    #####:   31:            assert(false);
    %%%%%:   31-block  0
        1:   32:        } catch (RepositoryException &exception) {
        1:   32-block  0
        -:   33:        }
        1:   34:        std::remove("test.txt");
        1:   34-block  0
        1:   35:}
        -:   36:
        1:   37:void test__delete_guardian_statue__guardian_statue_exists__guardian_statue_removed() {
        2:   38:        Repository repo{};
        1:   38-block  0
    $$$$$:   38-block  1
        1:   39:        repo.set_repo_file("test.txt");
        1:   39-block  0
        1:   39-block  1
        1:   39-block  2
    $$$$$:   39-block  3
    $$$$$:   39-block  4
    $$$$$:   39-block  5
    $$$$$:   39-block  6
        3:   40:        GuardianStatue statue{"aa", "bb", 1, "cc"};
        1:   40-block  0
        1:   40-block  1
        1:   40-block  2
        1:   40-block  3
    $$$$$:   40-block  4
    $$$$$:   40-block  5
    $$$$$:   40-block  6
    $$$$$:   40-block  7
    $$$$$:   40-block  8
    $$$$$:   40-block  9
    $$$$$:   40-block 10
        1:   41:        repo.add_guardian_statue(statue);
        1:   42:        repo.delete_guardian_statue("aa");
        1:   42-block  0
        1:   42-block  1
        1:   42-block  2
    $$$$$:   42-block  3
    $$$$$:   42-block  4
    $$$$$:   42-block  5
    $$$$$:   42-block  6
       1*:   43:        assert(repo.get_guardian_statues().empty());
        1:   43-block  0
    %%%%%:   43-block  1
        1:   43-block  2
    %%%%%:   43-block  3
        1:   43-block  4
        1:   43-block  5
    $$$$$:   43-block  6
    $$$$$:   43-block  7
    $$$$$:   43-block  8
        1:   44:        std::remove("test.txt");
        1:   44-block  0
        1:   45:}
        -:   46:
        1:   47:void test__delete_guardian_statue__guardian_statue_does_not_exist__exception_is_thrown() {
        2:   48:        Repository repo{};
        1:   48-block  0
        1:   48-block  1
    $$$$$:   48-block  2
        1:   49:        repo.set_repo_file("test.txt");
        1:   49-block  0
        1:   49-block  1
        1:   49-block  2
    $$$$$:   49-block  3
    $$$$$:   49-block  4
    $$$$$:   49-block  5
    $$$$$:   49-block  6
        -:   50:        try {
       3*:   51:            repo.delete_guardian_statue("aa");
        1:   51-block  0
    %%%%%:   51-block  1
        1:   51-block  2
        1:   51-block  3
        1:   51-block  4
        1:   51-block  5
    #####:   52:            assert(false);
        1:   53:        } catch (RepositoryException &exception) {
        1:   53-block  0
        -:   54:        }
        1:   55:        std::remove("test.txt");
        1:   55-block  0
        1:   56:}
        -:   57:
        1:   58:void test__update_guardian_statue__guardian_statue_exists__guardian_statue_updated() {
        2:   59:        Repository repo{};
        1:   59-block  0
    $$$$$:   59-block  1
        1:   60:        repo.set_repo_file("test.txt");
        1:   60-block  0
        1:   60-block  1
        1:   60-block  2
    $$$$$:   60-block  3
    $$$$$:   60-block  4
    $$$$$:   60-block  5
    $$$$$:   60-block  6
        3:   61:        GuardianStatue statue{"aa", "bb", 1, "cc"};
        1:   61-block  0
        1:   61-block  1
        1:   61-block  2
    $$$$$:   61-block  3
    $$$$$:   61-block  4
    $$$$$:   61-block  5
    $$$$$:   61-block  6
    $$$$$:   61-block  7
    $$$$$:   61-block  8
    $$$$$:   61-block  9
        3:   62:        GuardianStatue new_statue{"aa", "bc", 2, "cd"};
        1:   62-block  0
        1:   62-block  1
        1:   62-block  2
        1:   62-block  3
    $$$$$:   62-block  4
    $$$$$:   62-block  5
    $$$$$:   62-block  6
    $$$$$:   62-block  7
    $$$$$:   62-block  8
    $$$$$:   62-block  9
    $$$$$:   62-block 10
        1:   63:        repo.add_guardian_statue(statue);
        1:   64:        repo.update_guardian_statue(new_statue);
        1:   64-block  0
       1*:   65:        assert(repo.get_guardian_statues().at(0) == new_statue);
        1:   65-block  0
        1:   65-block  1
        1:   65-block  2
        1:   65-block  3
    %%%%%:   65-block  4
        1:   65-block  5
    %%%%%:   65-block  6
        1:   65-block  7
        1:   65-block  8
    $$$$$:   65-block  9
    $$$$$:   65-block 10
    $$$$$:   65-block 11
        1:   66:        std::remove("test.txt");
        1:   66-block  0
        1:   67:}
        -:   68:
        1:   69:void test__update_guardian_statue__guardian_statue_does_not_exist__exception_is_thrown() {
        2:   70:        Repository repo{};
        1:   70-block  0
        1:   70-block  1
    $$$$$:   70-block  2
        1:   71:        repo.set_repo_file("test.txt");
        1:   71-block  0
        1:   71-block  1
        1:   71-block  2
    $$$$$:   71-block  3
    $$$$$:   71-block  4
    $$$$$:   71-block  5
    $$$$$:   71-block  6
        -:   72:        try {
       8*:   73:            repo.update_guardian_statue(GuardianStatue{"aa", "bc", 2, "cd"});
        1:   73-block  0
        1:   73-block  1
        1:   73-block  2
        1:   73-block  3
    %%%%%:   73-block  4
        1:   73-block  5
        1:   73-block  6
        1:   73-block  7
        1:   73-block  8
        1:   73-block  9
        1:   73-block 10
        1:   73-block 11
        1:   73-block 12
        1:   73-block 13
        1:   73-block 14
        1:   73-block 15
        1:   73-block 16
        1:   73-block 17
        1:   73-block 18
    #####:   74:            assert(false);
        1:   75:        } catch (RepositoryException &exception) {
        1:   75-block  0
        -:   76:        }
        1:   77:        std::remove("test.txt");
        1:   77-block  0
        1:   78:}
        -:   79:
        1:   80:void test__next__index_in_range__guardian_statue_on_index_is_returned() {
        2:   81:        Repository repo{};
        1:   81-block  0
    $$$$$:   81-block  1
        1:   82:        repo.set_repo_file("test.txt");
        1:   82-block  0
        1:   82-block  1
        1:   82-block  2
    $$$$$:   82-block  3
    $$$$$:   82-block  4
    $$$$$:   82-block  5
    $$$$$:   82-block  6
        3:   83:        GuardianStatue statue{"aa", "bb", 1, "cc"};
        1:   83-block  0
        1:   83-block  1
        1:   83-block  2
        1:   83-block  3
    $$$$$:   83-block  4
    $$$$$:   83-block  5
    $$$$$:   83-block  6
    $$$$$:   83-block  7
    $$$$$:   83-block  8
    $$$$$:   83-block  9
    $$$$$:   83-block 10
        1:   84:        repo.add_guardian_statue(statue);
       1*:   85:        assert(repo.next() == statue);
        1:   85-block  0
        1:   85-block  1
        1:   85-block  2
    %%%%%:   85-block  3
        1:   85-block  4
    %%%%%:   85-block  5
        1:   85-block  6
        1:   85-block  7
    $$$$$:   85-block  8
    $$$$$:   85-block  9
    $$$$$:   85-block 10
        1:   86:        std::remove("test.txt");
        1:   86-block  0
        1:   87:}
        1:   88:void test__next__index_out_of_range__guardian_statue_on_first_position_is_returned() {
        2:   89:        Repository repo{};
        1:   89-block  0
    $$$$$:   89-block  1
        1:   90:        repo.set_repo_file("test.txt");
        1:   90-block  0
        1:   90-block  1
        1:   90-block  2
    $$$$$:   90-block  3
    $$$$$:   90-block  4
    $$$$$:   90-block  5
    $$$$$:   90-block  6
        3:   91:        GuardianStatue statue{"aa", "bb", 1, "cc"};
        1:   91-block  0
        1:   91-block  1
        1:   91-block  2
        1:   91-block  3
    $$$$$:   91-block  4
    $$$$$:   91-block  5
    $$$$$:   91-block  6
    $$$$$:   91-block  7
    $$$$$:   91-block  8
    $$$$$:   91-block  9
    $$$$$:   91-block 10
        1:   92:        repo.add_guardian_statue(statue);
        1:   93:        repo.add_guardian_statue(GuardianStatue{"ab", "cd", 2, "dc"});
        1:   93-block  0
        1:   93-block  1
        1:   93-block  2
        1:   93-block  3
        1:   93-block  4
        1:   93-block  5
    $$$$$:   93-block  6
    $$$$$:   93-block  7
    $$$$$:   93-block  8
    $$$$$:   93-block  9
    $$$$$:   93-block 10
    $$$$$:   93-block 11
    $$$$$:   93-block 12
    $$$$$:   93-block 13
    $$$$$:   93-block 14
    $$$$$:   93-block 15
    $$$$$:   93-block 16
    $$$$$:   93-block 17
    $$$$$:   93-block 18
    $$$$$:   93-block 19
        1:   94:        repo.next();
        1:   94-block  0
        1:   95:        repo.next();
        1:   95-block  0
       1*:   96:        assert(repo.next() == statue);
        1:   96-block  0
        1:   96-block  1
    %%%%%:   96-block  2
        1:   96-block  3
    %%%%%:   96-block  4
        1:   96-block  5
        1:   96-block  6
    $$$$$:   96-block  7
    $$$$$:   96-block  8
    $$$$$:   96-block  9
        1:   97:        std::remove("test.txt");
        1:   97-block  0
        1:   98:}
        -:   99:
        1:  100:void test__save__csv_file__guardian_statue_saved() {
        2:  101:        Repository repo{};
        1:  101-block  0
    $$$$$:  101-block  1
        1:  102:        repo.set_repo_file("test.txt");
        1:  102-block  0
        1:  102-block  1
        1:  102-block  2
    $$$$$:  102-block  3
    $$$$$:  102-block  4
    $$$$$:  102-block  5
    $$$$$:  102-block  6
        1:  103:        repo.set_my_list_file("test.csv");
        1:  103-block  0
        1:  103-block  1
    $$$$$:  103-block  2
    $$$$$:  103-block  3
    $$$$$:  103-block  4
    $$$$$:  103-block  5
        3:  104:        GuardianStatue statue{"aa", "bb", 1, "cc"};
        1:  104-block  0
        1:  104-block  1
        1:  104-block  2
        1:  104-block  3
    $$$$$:  104-block  4
    $$$$$:  104-block  5
    $$$$$:  104-block  6
    $$$$$:  104-block  7
    $$$$$:  104-block  8
    $$$$$:  104-block  9
    $$$$$:  104-block 10
        1:  105:        repo.add_guardian_statue(statue);
        1:  106:        repo.save("aa");
        1:  106-block  0
        1:  106-block  1
        1:  106-block  2
    $$$$$:  106-block  3
    $$$$$:  106-block  4
    $$$$$:  106-block  5
    $$$$$:  106-block  6
       1*:  107:        assert(repo.get_my_list().at(0) == statue);
        1:  107-block  0
        1:  107-block  1
        1:  107-block  2
    %%%%%:  107-block  3
        1:  107-block  4
    %%%%%:  107-block  5
        1:  107-block  6
        1:  107-block  7
    $$$$$:  107-block  8
    $$$$$:  107-block  9
    $$$$$:  107-block 10
        1:  108:        std::remove("test.txt");
        1:  108-block  0
        1:  109:        std::remove("test.csv");
        1:  109-block  0
        1:  110:}
        -:  111:
        1:  112:void test__save__html_file__guardian_statue_saved() {
        2:  113:        Repository repo{};
        1:  113-block  0
    $$$$$:  113-block  1
        1:  114:        repo.set_repo_file("test.txt");
        1:  114-block  0
        1:  114-block  1
        1:  114-block  2
    $$$$$:  114-block  3
    $$$$$:  114-block  4
    $$$$$:  114-block  5
    $$$$$:  114-block  6
        1:  115:        repo.set_my_list_file("test.html");
        1:  115-block  0
        1:  115-block  1
    $$$$$:  115-block  2
    $$$$$:  115-block  3
    $$$$$:  115-block  4
    $$$$$:  115-block  5
        3:  116:        GuardianStatue statue{"aa", "bb", 1, "cc"};
        1:  116-block  0
        1:  116-block  1
        1:  116-block  2
        1:  116-block  3
    $$$$$:  116-block  4
    $$$$$:  116-block  5
    $$$$$:  116-block  6
    $$$$$:  116-block  7
    $$$$$:  116-block  8
    $$$$$:  116-block  9
    $$$$$:  116-block 10
        1:  117:        repo.add_guardian_statue(statue);
        1:  118:        repo.save("aa");
        1:  118-block  0
        1:  118-block  1
        1:  118-block  2
    $$$$$:  118-block  3
    $$$$$:  118-block  4
    $$$$$:  118-block  5
    $$$$$:  118-block  6
       1*:  119:        assert(repo.get_my_list().at(0) == statue);
        1:  119-block  0
        1:  119-block  1
        1:  119-block  2
    %%%%%:  119-block  3
        1:  119-block  4
    %%%%%:  119-block  5
        1:  119-block  6
        1:  119-block  7
    $$$$$:  119-block  8
    $$$$$:  119-block  9
    $$$$$:  119-block 10
        1:  120:        std::remove("test.txt");
        1:  120-block  0
        1:  121:        std::remove("test.html");
        1:  121-block  0
        1:  122:}
        -:  123:
        1:  124:void test__save__wrong_file_type__exception_is_thrown() {
        2:  125:        Repository repo{};
        1:  125-block  0
    $$$$$:  125-block  1
        1:  126:        repo.set_repo_file("test.txt");
        1:  126-block  0
        1:  126-block  1
        1:  126-block  2
    $$$$$:  126-block  3
    $$$$$:  126-block  4
    $$$$$:  126-block  5
    $$$$$:  126-block  6
        1:  127:        repo.set_my_list_file("test.doc");
        1:  127-block  0
        1:  127-block  1
    $$$$$:  127-block  2
    $$$$$:  127-block  3
    $$$$$:  127-block  4
    $$$$$:  127-block  5
        3:  128:        GuardianStatue statue{"aa", "bb", 1, "cc"};
        1:  128-block  0
        1:  128-block  1
        1:  128-block  2
        1:  128-block  3
    $$$$$:  128-block  4
    $$$$$:  128-block  5
    $$$$$:  128-block  6
    $$$$$:  128-block  7
    $$$$$:  128-block  8
    $$$$$:  128-block  9
    $$$$$:  128-block 10
        1:  129:        repo.add_guardian_statue(statue);
        -:  130:        try {
       3*:  131:            repo.save("aa");
        1:  131-block  0
        1:  131-block  1
    %%%%%:  131-block  2
        1:  131-block  3
        1:  131-block  4
        1:  131-block  5
        1:  131-block  6
    #####:  132:            assert(false);
        1:  133:        } catch (RepositoryException& exception) {
        1:  133-block  0
        -:  134:        }
        1:  135:        std::remove("test.txt");
        1:  135-block  0
        1:  136:        std::remove("test.doc");
        1:  136-block  0
        1:  137:}
        1:  138:void test__save__no_file_type__exception_is_thrown() {
        2:  139:        Repository repo{};
        1:  139-block  0
    $$$$$:  139-block  1
        1:  140:        repo.set_repo_file("test");
        1:  140-block  0
        1:  140-block  1
        1:  140-block  2
    $$$$$:  140-block  3
    $$$$$:  140-block  4
    $$$$$:  140-block  5
    $$$$$:  140-block  6
        1:  141:        repo.set_my_list_file("test");
        1:  141-block  0
        1:  141-block  1
    $$$$$:  141-block  2
    $$$$$:  141-block  3
    $$$$$:  141-block  4
    $$$$$:  141-block  5
        3:  142:        GuardianStatue statue{"aa", "bb", 1, "cc"};
        1:  142-block  0
        1:  142-block  1
        1:  142-block  2
        1:  142-block  3
    $$$$$:  142-block  4
    $$$$$:  142-block  5
    $$$$$:  142-block  6
    $$$$$:  142-block  7
    $$$$$:  142-block  8
    $$$$$:  142-block  9
    $$$$$:  142-block 10
        1:  143:        repo.add_guardian_statue(statue);
        -:  144:        try {
       3*:  145:            repo.save("aa");
        1:  145-block  0
        1:  145-block  1
    %%%%%:  145-block  2
        1:  145-block  3
        1:  145-block  4
        1:  145-block  5
        1:  145-block  6
    #####:  146:            assert(false);
        1:  147:        } catch (RepositoryException& exception) {
        1:  147-block  0
        -:  148:        }
        1:  149:        std::remove("test.txt");
        1:  149-block  0
        1:  150:        std::remove("test");
        1:  150-block  0
        1:  151:}
        -:  152:
        1:  153:void test__my_list__wrong_file_type__exception_is_thrown() {
        2:  154:        Repository repo{};
        1:  154-block  0
        1:  154-block  1
    $$$$$:  154-block  2
        1:  155:        repo.set_my_list_file("test.doc");
        1:  155-block  0
        1:  155-block  1
        1:  155-block  2
    $$$$$:  155-block  3
    $$$$$:  155-block  4
    $$$$$:  155-block  5
    $$$$$:  155-block  6
        -:  156:        try {
       1*:  157:            repo.get_my_list();
    %%%%%:  157-block  0
    #####:  158:            assert(false);
        1:  159:        } catch (RepositoryException& exception) {
        1:  159-block  0
        -:  160:        }
        1:  161:        std::remove("test.doc");
        1:  161-block  0
        1:  162:}
        1:  163:void test__my_list__no_file_type__exception_is_thrown() {
        2:  164:        Repository repo{};
        1:  164-block  0
        1:  164-block  1
    $$$$$:  164-block  2
        1:  165:        repo.set_my_list_file("test");
        1:  165-block  0
        1:  165-block  1
        1:  165-block  2
    $$$$$:  165-block  3
    $$$$$:  165-block  4
    $$$$$:  165-block  5
    $$$$$:  165-block  6
        -:  166:        try {
       1*:  167:            repo.get_my_list();
    %%%%%:  167-block  0
    #####:  168:            assert(false);
        1:  169:        } catch (RepositoryException& exception) {
        1:  169-block  0
        -:  170:        }
        1:  171:        std::remove("test");
        1:  171-block  0
        1:  172:}
        1:  173:void test__save__guardian_statue_already_exists_in_my_file__exception_is_thrown() {
        2:  174:    Repository repo{};
        1:  174-block  0
        1:  174-block  1
    $$$$$:  174-block  2
        1:  175:    repo.set_repo_file("test.txt");
        1:  175-block  0
        1:  175-block  1
        1:  175-block  2
    $$$$$:  175-block  3
    $$$$$:  175-block  4
    $$$$$:  175-block  5
    $$$$$:  175-block  6
        1:  176:    repo.set_my_list_file("test.csv");
        1:  176-block  0
        1:  176-block  1
    $$$$$:  176-block  2
    $$$$$:  176-block  3
    $$$$$:  176-block  4
    $$$$$:  176-block  5
        1:  177:    repo.add_guardian_statue(GuardianStatue{"aa", "bb", 2, "cc"});
        1:  177-block  0
        1:  177-block  1
        1:  177-block  2
        1:  177-block  3
        1:  177-block  4
    $$$$$:  177-block  5
    $$$$$:  177-block  6
    $$$$$:  177-block  7
    $$$$$:  177-block  8
    $$$$$:  177-block  9
    $$$$$:  177-block 10
    $$$$$:  177-block 11
    $$$$$:  177-block 12
    $$$$$:  177-block 13
    $$$$$:  177-block 14
    $$$$$:  177-block 15
    $$$$$:  177-block 16
    $$$$$:  177-block 17
    $$$$$:  177-block 18
        1:  178:    repo.save("aa");
        1:  178-block  0
        1:  178-block  1
    $$$$$:  178-block  2
    $$$$$:  178-block  3
    $$$$$:  178-block  4
    $$$$$:  178-block  5
        -:  179:    try {
       3*:  180:        repo.save("aa");
        1:  180-block  0
    %%%%%:  180-block  1
        1:  180-block  2
        1:  180-block  3
        1:  180-block  4
        1:  180-block  5
    #####:  181:        assert(false);
        1:  182:    } catch (RepositoryException &exception) {
        1:  182-block  0
        -:  183:    }
        1:  184:    std::remove("test.txt");
        1:  184-block  0
        1:  185:    std::remove("test.csv");
        1:  185-block  0
        1:  186:}
        -:  187:
        1:  188:void test__save__guardian_statue_does_not_exist_in_repo__exception_is_thrown() {
        2:  189:    Repository repo{};
        1:  189-block  0
        1:  189-block  1
    $$$$$:  189-block  2
        1:  190:    repo.set_repo_file("test.txt");
        1:  190-block  0
        1:  190-block  1
        1:  190-block  2
    $$$$$:  190-block  3
    $$$$$:  190-block  4
    $$$$$:  190-block  5
    $$$$$:  190-block  6
        1:  191:    repo.set_my_list_file("test.csv");
        1:  191-block  0
        1:  191-block  1
    $$$$$:  191-block  2
    $$$$$:  191-block  3
    $$$$$:  191-block  4
    $$$$$:  191-block  5
        -:  192:    try {
       3*:  193:        repo.save("ab");
        1:  193-block  0
    %%%%%:  193-block  1
        1:  193-block  2
        1:  193-block  3
        1:  193-block  4
        1:  193-block  5
    #####:  194:        assert(false);
        1:  195:    } catch (RepositoryException &exception) {
        1:  195-block  0
        -:  196:    }
        1:  197:    std::remove("test.txt");
        1:  197-block  0
        1:  198:    std::remove("test.csv");
        1:  198-block  0
        1:  199:}
