        -:    0:Source:C:/Users/Dan/Desktop/Uni/OOP/Lab6/dynamic_vector.h
        -:    0:Graph:C:\Users\Dan\Desktop\Uni\OOP\Lab6\cmake-build-debug\CMakeFiles\Lab6.dir\ui.cpp.gcno
        -:    0:Data:C:\Users\Dan\Desktop\Uni\OOP\Lab6\cmake-build-debug\CMakeFiles\Lab6.dir\ui.cpp.gcda
        -:    0:Runs:1
        -:    0:Programs:1
        -:    1://
        -:    2:// Created by Dan on 4/18/2020.
        -:    3://
        -:    4:
        -:    5:#ifndef LAB6_DYNAMIC_VECTOR_H
        -:    6:#define LAB6_DYNAMIC_VECTOR_H
        -:    7:#define INITIAL_CAPACITY 10
        -:    8:
        -:    9:#include <stdexcept>
        -:   10:
        -:   11:#include "guardian_statue.h"
        -:   12:
        -:   13:template <class T>
        -:   14:class DynamicVector {
        -:   15:private:
        -:   16:    T* elements_;
        -:   17:    int size_, capacity_;
        -:   18:    void resize();
        -:   19:public:
        -:   20:    DynamicVector();
        -:   21:    DynamicVector(DynamicVector<T> const &dynamic_vector);
        -:   22:    ~DynamicVector();
        -:   23:    void push_back(T const &element);
        -:   24:    void pop_back(int position);
        -:   25:    T &at(int position) const;
        -:   26:    void insert(T const &element, int position);
        -:   27:    int get_size() const;
        -:   28:};
        -:   29:
        -:   30:/**
        -:   31: * \brief creates a new DynamicVector of capacity 10
        -:   32: */
        -:   33:template<class T>
        1:   34:inline DynamicVector<T>::DynamicVector() {
        1:   35:    size_ = 0;
        1:   36:    capacity_ = INITIAL_CAPACITY;
       11:   37:    elements_ = new T[INITIAL_CAPACITY];
        1:   37-block  0
       11:   37-block  1
       10:   37-block  2
        1:   38:}
        -:   39:
        -:   40:/**
        -:   41: * \brief resizes the vector, doubling its capacity
        -:   42: */
        -:   43:template<class T>
    #####:   44:inline void DynamicVector<T>::resize() {
    #####:   45:    capacity_ *= 2;
    #####:   46:    T *newElements = new T[capacity_];
    %%%%%:   46-block  0
    %%%%%:   46-block  1
    %%%%%:   46-block  2
    %%%%%:   46-block  3
    %%%%%:   46-block  4
    %%%%%:   46-block  5
    #####:   47:    int index = 0;
    #####:   48:    for (int i = 0; i < size_; i++) {
    %%%%%:   48-block  0
    %%%%%:   48-block  1
    #####:   49:        newElements[i] = elements_[i];
    %%%%%:   49-block  0
        -:   50:    }
    #####:   51:    delete[] elements_;
    %%%%%:   51-block  0
    %%%%%:   51-block  1
    %%%%%:   51-block  2
    %%%%%:   51-block  3
    %%%%%:   51-block  4
    #####:   52:    elements_ = newElements;
    #####:   53:}
        -:   54:
        -:   55:/**
        -:   56: * \brief creates a new DynamicVector as a copy of a given one
        -:   57: * \param dynamic_vector given DynamicVector
        -:   58: */
        -:   59:template<class T>
    #####:   60:inline DynamicVector<T>::DynamicVector(DynamicVector<T> const &dynamic_vector) {
    #####:   61:    size_ = dynamic_vector.size_;
    #####:   62:    capacity_ = dynamic_vector.capacity_;
    #####:   63:    elements_ = new T[capacity_];
    %%%%%:   63-block  0
    %%%%%:   63-block  1
    %%%%%:   63-block  2
    %%%%%:   63-block  3
    %%%%%:   63-block  4
    %%%%%:   63-block  5
    %%%%%:   63-block  6
    $$$$$:   63-block  7
    $$$$$:   63-block  8
    $$$$$:   63-block  9
    $$$$$:   63-block 10
    $$$$$:   63-block 11
    $$$$$:   63-block 12
    #####:   64:    for (int i = 0; i < size_; i++) {
    %%%%%:   64-block  0
    %%%%%:   64-block  1
    #####:   65:        elements_[i] = dynamic_vector.elements_[i];
    %%%%%:   65-block  0
        -:   66:    }
    #####:   67:}
    %%%%%:   67-block  0
        -:   68:
        -:   69:/**
        -:   70: * \brief deallocates the memory of the DynamicVector
        -:   71: */
        -:   72:template<class T>
    #####:   73:inline DynamicVector<T>::~DynamicVector() {
    #####:   74:    delete[] elements_;
    #####:   75:}
------------------
_ZN13DynamicVectorI14GuardianStatueED1Ev:
    #####:   73:inline DynamicVector<T>::~DynamicVector() {
    #####:   74:    delete[] elements_;
    %%%%%:   74-block  0
    %%%%%:   74-block  1
    %%%%%:   74-block  2
    %%%%%:   74-block  3
    %%%%%:   74-block  4
    #####:   75:}
------------------
_ZN13DynamicVectorINSt7__cxx1112basic_stringIcSt11char_traitsIcESaIcEEEED1Ev:
    #####:   73:inline DynamicVector<T>::~DynamicVector() {
    #####:   74:    delete[] elements_;
    %%%%%:   74-block  0
    %%%%%:   74-block  1
    %%%%%:   74-block  2
    %%%%%:   74-block  3
    %%%%%:   74-block  4
    #####:   75:}
------------------
        -:   76:
        -:   77:/**
        -:   78: * \brief adds a new element at the end of the DynamicVector
        -:   79: * \param element the new element
        -:   80: */
        -:   81:template<class T>
    #####:   82:inline void DynamicVector<T>::push_back(T const& element) {
    #####:   83:    if (size_ == capacity_) {
    %%%%%:   83-block  0
    #####:   84:        resize();
    %%%%%:   84-block  0
        -:   85:    }
    #####:   86:    elements_[size_++] = element;
    %%%%%:   86-block  0
    #####:   87:}
        -:   88:
        -:   89:/**
        -:   90: * \brief deletes the element on the given position if it exists, else throws error
        -:   91: * \param position the given position
        -:   92: */
        -:   93:template<class T>
    #####:   94:void DynamicVector<T>::pop_back(const int position) {
    #####:   95:    if (position < size_ && position > -1) {
    %%%%%:   95-block  0
    %%%%%:   95-block  1
    #####:   96:        for (auto i = position; i < size_; i++) {
    %%%%%:   96-block  0
    %%%%%:   96-block  1
    #####:   97:            elements_[i] = elements_[i + 1];
    %%%%%:   97-block  0
        -:   98:        }
    #####:   99:        size_--;
    %%%%%:   99-block  0
        -:  100:    } else {
    #####:  101:        throw std::invalid_argument("value out of bounds");
    %%%%%:  101-block  0
    %%%%%:  101-block  1
    $$$$$:  101-block  2
        -:  102:    }
    #####:  103:}
    %%%%%:  103-block  0
        -:  104:
        -:  105:/**
        -:  106: * \brief returns the element on the given position if it exists, else throws error
        -:  107: * \param position given position
        -:  108: * \return element on the given position
        -:  109: */
        -:  110:template<class T>
    #####:  111:inline T& DynamicVector<T>::at(int position) const {
    #####:  112:    if (position < size_ && position > -1) {
    #####:  113:        return elements_[position];
        -:  114:    }
    #####:  115:    throw std::invalid_argument("value out of bounds");
        -:  116:}
------------------
_ZNK13DynamicVectorI14GuardianStatueE2atEi:
    #####:  111:inline T& DynamicVector<T>::at(int position) const {
    #####:  112:    if (position < size_ && position > -1) {
    %%%%%:  112-block  0
    %%%%%:  112-block  1
    #####:  113:        return elements_[position];
    %%%%%:  113-block  0
    %%%%%:  113-block  1
        -:  114:    }
    #####:  115:    throw std::invalid_argument("value out of bounds");
    %%%%%:  115-block  0
    %%%%%:  115-block  1
    $$$$$:  115-block  2
        -:  116:}
------------------
_ZNK13DynamicVectorINSt7__cxx1112basic_stringIcSt11char_traitsIcESaIcEEEE2atEi:
    #####:  111:inline T& DynamicVector<T>::at(int position) const {
    #####:  112:    if (position < size_ && position > -1) {
    %%%%%:  112-block  0
    %%%%%:  112-block  1
    #####:  113:        return elements_[position];
    %%%%%:  113-block  0
    %%%%%:  113-block  1
        -:  114:    }
    #####:  115:    throw std::invalid_argument("value out of bounds");
    %%%%%:  115-block  0
    %%%%%:  115-block  1
    $$$$$:  115-block  2
        -:  116:}
------------------
        -:  117:
        -:  118:/**
        -:  119: * \brief inserts an element on a given position, if it exists, else throws error
        -:  120: * \param element the element to be inserted
        -:  121: * \param position the position on which the element is to be inserted
        -:  122: */
        -:  123:template<class T>
        -:  124:inline void DynamicVector<T>::insert(T const &element, int position) {
        -:  125:    if (position < size_ && position > -1) {
        -:  126:        if (size_ == capacity_) {
        -:  127:            resize();
        -:  128:        }
        -:  129:        size_++;
        -:  130:        for (int i = size_ - 1; i > position; i--) {
        -:  131:            elements_[i] = elements_[i - 1];
        -:  132:        }
        -:  133:        elements_[position] = element;
        -:  134:    } else {
        -:  135:        throw std::invalid_argument("Index out of bounds");
        -:  136:    }
        -:  137:}
        -:  138:
        -:  139:/**
        -:  140: * \brief returns the size of the DynamicVector
        -:  141: * \return the size of the vector
        -:  142: */
        -:  143:template<class T>
       1*:  144:inline int DynamicVector<T>::get_size() const {
       1*:  145:    return size_;
        -:  146:}
        -:  147:
        -:  148:#endif//LAB6_DYNAMIC_VECTOR_H
