        -:    0:Source:C:/Users/Dan/Desktop/Uni/OOP/Lab7/tests/tests_service.cpp
        -:    0:Graph:C:\Users\Dan\Desktop\Uni\OOP\Lab7\cmake-build-debug\CMakeFiles\Lab7.dir\tests\tests_service.cpp.gcno
        -:    0:Data:C:\Users\Dan\Desktop\Uni\OOP\Lab7\cmake-build-debug\CMakeFiles\Lab7.dir\tests\tests_service.cpp.gcda
        -:    0:Runs:1
        -:    0:Programs:1
        -:    1:#include "tests_service.h"
        -:    2:
        1:    3:void test__add_guardian_statue__mode_A__guardian_statue_is_added() {
        3:    4:    Service service{"test.txt", 'A'};
        1:    4-block  0
        1:    4-block  1
        1:    4-block  2
    $$$$$:    4-block  3
    $$$$$:    4-block  4
    $$$$$:    4-block  5
        1:    5:    service.add_guardian_statue("aa", "bb", 1, "dd");
        1:    5-block  0
        1:    5-block  1
        1:    5-block  2
        1:    5-block  3
    $$$$$:    5-block  4
    $$$$$:    5-block  5
    $$$$$:    5-block  6
    $$$$$:    5-block  7
    $$$$$:    5-block  8
    $$$$$:    5-block  9
    $$$$$:    5-block 10
    $$$$$:    5-block 11
    $$$$$:    5-block 12
    $$$$$:    5-block 13
    $$$$$:    5-block 14
    $$$$$:    5-block 15
       1*:    6:    assert((service.get_all_statues().at(0) == GuardianStatue{"aa", "bb", 1, "dd"}));
        1:    6-block  0
        1:    6-block  1
        1:    6-block  2
        1:    6-block  3
        1:    6-block  4
        1:    6-block  5
        1:    6-block  6
    %%%%%:    6-block  7
        1:    6-block  8
    %%%%%:    6-block  9
        1:    6-block 10
        1:    6-block 11
        1:    6-block 12
        1:    6-block 13
        1:    6-block 14
        1:    6-block 15
        1:    6-block 16
        1:    6-block 17
        1:    6-block 18
        1:    6-block 19
        1:    6-block 20
        1:    6-block 21
        1:    6-block 22
        1:    6-block 23
        1:    6-block 24
        1:    6-block 25
    $$$$$:    6-block 26
    $$$$$:    6-block 27
    $$$$$:    6-block 28
    $$$$$:    6-block 29
    $$$$$:    6-block 30
    $$$$$:    6-block 31
    $$$$$:    6-block 32
    $$$$$:    6-block 33
    $$$$$:    6-block 34
    $$$$$:    6-block 35
    $$$$$:    6-block 36
    $$$$$:    6-block 37
    $$$$$:    6-block 38
    $$$$$:    6-block 39
    $$$$$:    6-block 40
    $$$$$:    6-block 41
    $$$$$:    6-block 42
    $$$$$:    6-block 43
    $$$$$:    6-block 44
    $$$$$:    6-block 45
    $$$$$:    6-block 46
    $$$$$:    6-block 47
    $$$$$:    6-block 48
    $$$$$:    6-block 49
        1:    7:    std::remove("test.txt");
        1:    7-block  0
        1:    8:}
        -:    9:
        1:   10:void test__add_guardian_statue__mode_B__exception_is_thrown() {
        3:   11:    Service service{"test.txt", 'B'};
        1:   11-block  0
        1:   11-block  1
        1:   11-block  2
    $$$$$:   11-block  3
    $$$$$:   11-block  4
    $$$$$:   11-block  5
        -:   12:    try {
       7*:   13:        service.add_guardian_statue("aa", "bb", 1, "dd");
        1:   13-block  0
        1:   13-block  1
        1:   13-block  2
    %%%%%:   13-block  3
        1:   13-block  4
        1:   13-block  5
        1:   13-block  6
        1:   13-block  7
        1:   13-block  8
        1:   13-block  9
        1:   13-block 10
        1:   13-block 11
        1:   13-block 12
        1:   13-block 13
        1:   13-block 14
        1:   13-block 15
        1:   14:    } catch (Exception& exception) {
        1:   14-block  0
    $$$$$:   14-block  1
        1:   15:        assert(exception.what() == "Invalid mode.");
        1:   15-block  0
    $$$$$:   15-block  1
        1:   15-block  2
    $$$$$:   15-block  3
        1:   15-block  4
        1:   15-block  5
        1:   15-block  6
    $$$$$:   15-block  7
    $$$$$:   15-block  8
    $$$$$:   15-block  9
        -:   16:    }
        1:   17:    std::remove("test.txt");
        1:   17-block  0
        1:   18:}
        -:   19:
        1:   20:void test__delete_guardian_statue__mode_A__guardian_statue_is_deleted() {
        3:   21:    Service service{"test.txt", 'A'};
        1:   21-block  0
        1:   21-block  1
        1:   21-block  2
    $$$$$:   21-block  3
    $$$$$:   21-block  4
    $$$$$:   21-block  5
        1:   22:    service.add_guardian_statue("aa", "bb", 1, "dd");
        1:   22-block  0
        1:   22-block  1
        1:   22-block  2
        1:   22-block  3
    $$$$$:   22-block  4
    $$$$$:   22-block  5
    $$$$$:   22-block  6
    $$$$$:   22-block  7
    $$$$$:   22-block  8
    $$$$$:   22-block  9
    $$$$$:   22-block 10
    $$$$$:   22-block 11
    $$$$$:   22-block 12
    $$$$$:   22-block 13
    $$$$$:   22-block 14
    $$$$$:   22-block 15
        1:   23:    service.delete_guardian_statue("aa");
        1:   23-block  0
        1:   23-block  1
    $$$$$:   23-block  2
    $$$$$:   23-block  3
    $$$$$:   23-block  4
    $$$$$:   23-block  5
       1*:   24:    assert(service.get_all_statues().empty());
        1:   24-block  0
    %%%%%:   24-block  1
        1:   24-block  2
    %%%%%:   24-block  3
        1:   24-block  4
        1:   24-block  5
    $$$$$:   24-block  6
    $$$$$:   24-block  7
    $$$$$:   24-block  8
        1:   25:    std::remove("test.txt");
        1:   25-block  0
        1:   26:}
        -:   27:
        1:   28:void test__delete_guardian_statue__mode_B__exception_is_thrown() {
        3:   29:    Service service{"test.txt", 'A'};
        1:   29-block  0
        1:   29-block  1
        1:   29-block  2
    $$$$$:   29-block  3
    $$$$$:   29-block  4
    $$$$$:   29-block  5
        1:   30:    service.add_guardian_statue("aa", "bb", 1, "dd");
        1:   30-block  0
        1:   30-block  1
        1:   30-block  2
        1:   30-block  3
    $$$$$:   30-block  4
    $$$$$:   30-block  5
    $$$$$:   30-block  6
    $$$$$:   30-block  7
    $$$$$:   30-block  8
    $$$$$:   30-block  9
    $$$$$:   30-block 10
    $$$$$:   30-block 11
    $$$$$:   30-block 12
    $$$$$:   30-block 13
    $$$$$:   30-block 14
    $$$$$:   30-block 15
        1:   31:    service.set_mode('B');
        -:   32:    try {
       3*:   33:        service.delete_guardian_statue("aa");
        1:   33-block  0
        1:   33-block  1
    %%%%%:   33-block  2
        1:   33-block  3
        1:   33-block  4
        1:   33-block  5
        1:   33-block  6
        1:   34:    } catch (Exception& exception) {
        1:   34-block  0
    $$$$$:   34-block  1
        1:   35:        assert(exception.what() == "Invalid mode.");
        1:   35-block  0
    $$$$$:   35-block  1
        1:   35-block  2
    $$$$$:   35-block  3
        1:   35-block  4
        1:   35-block  5
        1:   35-block  6
    $$$$$:   35-block  7
    $$$$$:   35-block  8
    $$$$$:   35-block  9
        -:   36:    }
        1:   37:    std::remove("test.txt");
        1:   37-block  0
        1:   38:}
        -:   39:
        1:   40:void test__update_guardian_statue__mode_A__guardian_statue_is_updated() {
        3:   41:    Service service{"test.txt", 'A'};
        1:   41-block  0
        1:   41-block  1
        1:   41-block  2
    $$$$$:   41-block  3
    $$$$$:   41-block  4
    $$$$$:   41-block  5
        1:   42:    service.add_guardian_statue("aa", "bb", 1, "dd");
        1:   42-block  0
        1:   42-block  1
        1:   42-block  2
        1:   42-block  3
    $$$$$:   42-block  4
    $$$$$:   42-block  5
    $$$$$:   42-block  6
    $$$$$:   42-block  7
    $$$$$:   42-block  8
    $$$$$:   42-block  9
    $$$$$:   42-block 10
    $$$$$:   42-block 11
    $$$$$:   42-block 12
    $$$$$:   42-block 13
    $$$$$:   42-block 14
    $$$$$:   42-block 15
        1:   43:    service.update_guardian_statue("aa", "bc", 2, "cd");
        1:   43-block  0
        1:   43-block  1
        1:   43-block  2
        1:   43-block  3
    $$$$$:   43-block  4
    $$$$$:   43-block  5
    $$$$$:   43-block  6
    $$$$$:   43-block  7
    $$$$$:   43-block  8
    $$$$$:   43-block  9
    $$$$$:   43-block 10
    $$$$$:   43-block 11
    $$$$$:   43-block 12
    $$$$$:   43-block 13
    $$$$$:   43-block 14
    $$$$$:   43-block 15
       1*:   44:    assert((service.get_all_statues().at(0) == GuardianStatue{"aa", "bc", 2, "cd"}));
        1:   44-block  0
        1:   44-block  1
        1:   44-block  2
        1:   44-block  3
        1:   44-block  4
        1:   44-block  5
        1:   44-block  6
    %%%%%:   44-block  7
        1:   44-block  8
    %%%%%:   44-block  9
        1:   44-block 10
        1:   44-block 11
        1:   44-block 12
        1:   44-block 13
        1:   44-block 14
        1:   44-block 15
        1:   44-block 16
        1:   44-block 17
        1:   44-block 18
        1:   44-block 19
        1:   44-block 20
        1:   44-block 21
        1:   44-block 22
        1:   44-block 23
        1:   44-block 24
        1:   44-block 25
    $$$$$:   44-block 26
    $$$$$:   44-block 27
    $$$$$:   44-block 28
    $$$$$:   44-block 29
    $$$$$:   44-block 30
    $$$$$:   44-block 31
    $$$$$:   44-block 32
    $$$$$:   44-block 33
    $$$$$:   44-block 34
    $$$$$:   44-block 35
    $$$$$:   44-block 36
    $$$$$:   44-block 37
    $$$$$:   44-block 38
    $$$$$:   44-block 39
    $$$$$:   44-block 40
    $$$$$:   44-block 41
    $$$$$:   44-block 42
    $$$$$:   44-block 43
    $$$$$:   44-block 44
    $$$$$:   44-block 45
    $$$$$:   44-block 46
    $$$$$:   44-block 47
    $$$$$:   44-block 48
    $$$$$:   44-block 49
        1:   45:    std::remove("test.txt");
        1:   45-block  0
        1:   46:}
        -:   47:
        1:   48:void test__update_guardian_statue__mode_B__exception_is_thrown() {
        3:   49:    Service service{"test.txt", 'A'};
        1:   49-block  0
        1:   49-block  1
        1:   49-block  2
    $$$$$:   49-block  3
    $$$$$:   49-block  4
    $$$$$:   49-block  5
        1:   50:    service.add_guardian_statue("aa", "bb", 1, "dd");
        1:   50-block  0
        1:   50-block  1
        1:   50-block  2
        1:   50-block  3
    $$$$$:   50-block  4
    $$$$$:   50-block  5
    $$$$$:   50-block  6
    $$$$$:   50-block  7
    $$$$$:   50-block  8
    $$$$$:   50-block  9
    $$$$$:   50-block 10
    $$$$$:   50-block 11
    $$$$$:   50-block 12
    $$$$$:   50-block 13
    $$$$$:   50-block 14
    $$$$$:   50-block 15
        1:   51:    service.set_mode('B');
        -:   52:    try {
       7*:   53:        service.update_guardian_statue("aa", "bc", 2, "cd");
        1:   53-block  0
        1:   53-block  1
        1:   53-block  2
        1:   53-block  3
    %%%%%:   53-block  4
        1:   53-block  5
        1:   53-block  6
        1:   53-block  7
        1:   53-block  8
        1:   53-block  9
        1:   53-block 10
        1:   53-block 11
        1:   53-block 12
        1:   53-block 13
        1:   53-block 14
        1:   53-block 15
        1:   53-block 16
        1:   54:    } catch (Exception& exception) {
        1:   54-block  0
    $$$$$:   54-block  1
        1:   55:        assert(exception.what() == "Invalid mode.");
        1:   55-block  0
    $$$$$:   55-block  1
        1:   55-block  2
    $$$$$:   55-block  3
        1:   55-block  4
        1:   55-block  5
        1:   55-block  6
    $$$$$:   55-block  7
    $$$$$:   55-block  8
    $$$$$:   55-block  9
        -:   56:    }
        1:   57:    std::remove("test.txt");
        1:   57-block  0
        1:   58:}
        1:   59:void test__get_mode__valid_mode__mode_is_returned() {
        3:   60:    Service service{"test.txt", 'A'};
        1:   60-block  0
        1:   60-block  1
        1:   60-block  2
    $$$$$:   60-block  3
    $$$$$:   60-block  4
    $$$$$:   60-block  5
       1*:   61:    assert(service.get_mode() == 'A');
        1:   61-block  0
    %%%%%:   61-block  1
        1:   61-block  2
    %%%%%:   61-block  3
        1:   62:    std::remove("test.txt");
        1:   62-block  0
        1:   63:}
        1:   64:void test__get_file__valid_file__file_is_returned() {
        2:   65:    Service service{"test.txt", 'A'};
        1:   65-block  0
        1:   65-block  1
    $$$$$:   65-block  2
    $$$$$:   65-block  3
    $$$$$:   65-block  4
       1*:   66:    assert(service.get_file() == "test.txt");
        1:   66-block  0
    %%%%%:   66-block  1
        1:   66-block  2
    %%%%%:   66-block  3
        1:   66-block  4
        1:   66-block  5
        1:   66-block  6
    $$$$$:   66-block  7
    $$$$$:   66-block  8
    $$$$$:   66-block  9
        1:   67:}
        1:   68:void test__set_file__valid_file__file_is_set() {
        3:   69:    Service service{};
        1:   69-block  0
        1:   69-block  1
        1:   69-block  2
    $$$$$:   69-block  3
    $$$$$:   69-block  4
    $$$$$:   69-block  5
        1:   70:    service.set_file("test.txt");
        1:   70-block  0
        1:   70-block  1
    $$$$$:   70-block  2
    $$$$$:   70-block  3
    $$$$$:   70-block  4
    $$$$$:   70-block  5
       1*:   71:    assert(service.get_file() == "test.txt");
        1:   71-block  0
    %%%%%:   71-block  1
        1:   71-block  2
    %%%%%:   71-block  3
        1:   71-block  4
        1:   71-block  5
    $$$$$:   71-block  6
    $$$$$:   71-block  7
    $$$$$:   71-block  8
        1:   72:    std::remove("test.txt");
        1:   72-block  0
        1:   73:}
        1:   74:void test__save__mode_B__guardian_statue_is_saved() {
        3:   75:    Service service{"test.txt", 'A'};
        1:   75-block  0
        1:   75-block  1
        1:   75-block  2
    $$$$$:   75-block  3
    $$$$$:   75-block  4
    $$$$$:   75-block  5
        1:   76:    service.add_guardian_statue("aa", "bb", 1, "dd");
        1:   76-block  0
        1:   76-block  1
        1:   76-block  2
        1:   76-block  3
    $$$$$:   76-block  4
    $$$$$:   76-block  5
    $$$$$:   76-block  6
    $$$$$:   76-block  7
    $$$$$:   76-block  8
    $$$$$:   76-block  9
    $$$$$:   76-block 10
    $$$$$:   76-block 11
    $$$$$:   76-block 12
    $$$$$:   76-block 13
    $$$$$:   76-block 14
    $$$$$:   76-block 15
        1:   77:    service.set_mode('B');
        1:   78:    service.save();
        1:   78-block  0
       1*:   79:    assert((service.get_my_list().at(0) == GuardianStatue{"aa", "bb", 1, "dd"}));
        1:   79-block  0
        1:   79-block  1
        1:   79-block  2
        1:   79-block  3
        1:   79-block  4
        1:   79-block  5
        1:   79-block  6
        1:   79-block  7
    %%%%%:   79-block  8
        1:   79-block  9
    %%%%%:   79-block 10
        1:   79-block 11
        1:   79-block 12
        1:   79-block 13
        1:   79-block 14
        1:   79-block 15
        1:   79-block 16
        1:   79-block 17
        1:   79-block 18
        1:   79-block 19
        1:   79-block 20
        1:   79-block 21
        1:   79-block 22
        1:   79-block 23
        1:   79-block 24
        1:   79-block 25
        1:   79-block 26
    $$$$$:   79-block 27
    $$$$$:   79-block 28
    $$$$$:   79-block 29
    $$$$$:   79-block 30
    $$$$$:   79-block 31
    $$$$$:   79-block 32
    $$$$$:   79-block 33
    $$$$$:   79-block 34
    $$$$$:   79-block 35
    $$$$$:   79-block 36
    $$$$$:   79-block 37
    $$$$$:   79-block 38
    $$$$$:   79-block 39
    $$$$$:   79-block 40
    $$$$$:   79-block 41
    $$$$$:   79-block 42
    $$$$$:   79-block 43
    $$$$$:   79-block 44
    $$$$$:   79-block 45
    $$$$$:   79-block 46
    $$$$$:   79-block 47
    $$$$$:   79-block 48
    $$$$$:   79-block 49
    $$$$$:   79-block 50
        1:   80:    std::remove("test.txt");
        1:   80-block  0
        1:   81:}
        1:   82:void test__save__mode_A__exception_is_thrown() {
        3:   83:    Service service{"test.txt", 'A'};
        1:   83-block  0
        1:   83-block  1
        1:   83-block  2
    $$$$$:   83-block  3
    $$$$$:   83-block  4
    $$$$$:   83-block  5
        1:   84:    service.add_guardian_statue("aa", "bb", 1, "dd");
        1:   84-block  0
        1:   84-block  1
        1:   84-block  2
        1:   84-block  3
    $$$$$:   84-block  4
    $$$$$:   84-block  5
    $$$$$:   84-block  6
    $$$$$:   84-block  7
    $$$$$:   84-block  8
    $$$$$:   84-block  9
    $$$$$:   84-block 10
    $$$$$:   84-block 11
    $$$$$:   84-block 12
    $$$$$:   84-block 13
    $$$$$:   84-block 14
    $$$$$:   84-block 15
        -:   85:    try {
        1:   86:        service.save();
    #####:   87:        assert(false);
    %%%%%:   87-block  0
        1:   88:    } catch (Exception& exception) {
        1:   88-block  0
        -:   89:    }
        1:   90:    std::remove("test.txt");
        1:   90-block  0
        1:   91:}
        1:   92:void test__next__mode_B__guardian_statue_is_returned() {
        3:   93:    Service service{"test.txt", 'A'};
        1:   93-block  0
        1:   93-block  1
        1:   93-block  2
    $$$$$:   93-block  3
    $$$$$:   93-block  4
    $$$$$:   93-block  5
        1:   94:    service.add_guardian_statue("aa", "bb", 1, "dd");
        1:   94-block  0
        1:   94-block  1
        1:   94-block  2
        1:   94-block  3
    $$$$$:   94-block  4
    $$$$$:   94-block  5
    $$$$$:   94-block  6
    $$$$$:   94-block  7
    $$$$$:   94-block  8
    $$$$$:   94-block  9
    $$$$$:   94-block 10
    $$$$$:   94-block 11
    $$$$$:   94-block 12
    $$$$$:   94-block 13
    $$$$$:   94-block 14
    $$$$$:   94-block 15
        1:   95:    service.set_mode('B');
       1*:   96:    assert((service.next() == GuardianStatue{"aa", "bb", 1, "dd"}));
        1:   96-block  0
        1:   96-block  1
        1:   96-block  2
        1:   96-block  3
        1:   96-block  4
        1:   96-block  5
        1:   96-block  6
    %%%%%:   96-block  7
        1:   96-block  8
    %%%%%:   96-block  9
        1:   96-block 10
        1:   96-block 11
        1:   96-block 12
        1:   96-block 13
        1:   96-block 14
        1:   96-block 15
        1:   96-block 16
        1:   96-block 17
        1:   96-block 18
        1:   96-block 19
        1:   96-block 20
        1:   96-block 21
        1:   96-block 22
        1:   96-block 23
        1:   96-block 24
        1:   96-block 25
    $$$$$:   96-block 26
    $$$$$:   96-block 27
    $$$$$:   96-block 28
    $$$$$:   96-block 29
    $$$$$:   96-block 30
    $$$$$:   96-block 31
    $$$$$:   96-block 32
    $$$$$:   96-block 33
    $$$$$:   96-block 34
    $$$$$:   96-block 35
    $$$$$:   96-block 36
    $$$$$:   96-block 37
    $$$$$:   96-block 38
    $$$$$:   96-block 39
    $$$$$:   96-block 40
    $$$$$:   96-block 41
    $$$$$:   96-block 42
    $$$$$:   96-block 43
    $$$$$:   96-block 44
    $$$$$:   96-block 45
    $$$$$:   96-block 46
    $$$$$:   96-block 47
    $$$$$:   96-block 48
    $$$$$:   96-block 49
        1:   97:    std::remove("test.txt");
        1:   97-block  0
        1:   98:}
        1:   99:void test__next__mode_A__exception_is_thrown() {
        3:  100:    Service service{"test.txt", 'A'};
        1:  100-block  0
        1:  100-block  1
        1:  100-block  2
    $$$$$:  100-block  3
    $$$$$:  100-block  4
    $$$$$:  100-block  5
        1:  101:    service.add_guardian_statue("aa", "bb", 1, "dd");
        1:  101-block  0
        1:  101-block  1
        1:  101-block  2
        1:  101-block  3
    $$$$$:  101-block  4
    $$$$$:  101-block  5
    $$$$$:  101-block  6
    $$$$$:  101-block  7
    $$$$$:  101-block  8
    $$$$$:  101-block  9
    $$$$$:  101-block 10
    $$$$$:  101-block 11
    $$$$$:  101-block 12
    $$$$$:  101-block 13
    $$$$$:  101-block 14
    $$$$$:  101-block 15
        -:  102:    try {
       1*:  103:        service.next();
    %%%%%:  103-block  0
    #####:  104:        assert(false);
        1:  105:    } catch (Exception& exception) {
        1:  105-block  0
        -:  106:    }
        1:  107:    std::remove("test.txt");
        1:  107-block  0
        1:  108:}
        1:  109:void test__get_my_list__mode_A__exception_is_thrown() {
        3:  110:    Service service{"test.txt", 'A'};
        1:  110-block  0
        1:  110-block  1
        1:  110-block  2
    $$$$$:  110-block  3
    $$$$$:  110-block  4
    $$$$$:  110-block  5
        1:  111:    service.add_guardian_statue("aa", "bb", 1, "dd");
        1:  111-block  0
        1:  111-block  1
        1:  111-block  2
        1:  111-block  3
    $$$$$:  111-block  4
    $$$$$:  111-block  5
    $$$$$:  111-block  6
    $$$$$:  111-block  7
    $$$$$:  111-block  8
    $$$$$:  111-block  9
    $$$$$:  111-block 10
    $$$$$:  111-block 11
    $$$$$:  111-block 12
    $$$$$:  111-block 13
    $$$$$:  111-block 14
    $$$$$:  111-block 15
        -:  112:    try {
       1*:  113:        service.get_my_list();
    %%%%%:  113-block  0
    #####:  114:        assert(false);
        1:  115:    } catch (Exception& exception) {
        1:  115-block  0
        -:  116:    }
        1:  117:    std::remove("test.txt");
        1:  117-block  0
        1:  118:}
