        -:    0:Source:C:/Users/Dan/Desktop/Uni/OOP/Lab7/tests/tests.cpp
        -:    0:Graph:C:\Users\Dan\Desktop\Uni\OOP\Lab7\cmake-build-debug\CMakeFiles\Lab7.dir\tests\tests.cpp.gcno
        -:    0:Data:C:\Users\Dan\Desktop\Uni\OOP\Lab7\cmake-build-debug\CMakeFiles\Lab7.dir\tests\tests.cpp.gcda
        -:    0:Runs:1
        -:    0:Programs:1
        -:    1:#include "tests.h"
        -:    2:
        1:    3:void domain_tests() {
        1:    4:    test__create_guardian_statue__default_constructor__empty_statue_created();
        1:    4-block  0
        1:    5:    test__create_guardian_statue__explicit_constructor__statue_created();
        1:    6:    test__create_guardian_statue__copy_constructor__copy_statue_created();
        1:    7:    test__set_power_word_name__valid_power_word_name__power_word_name_set();
        1:    8:    test__set_material__valid_material__material_set();
        1:    9:    test__set_age__valid_age__age_set();
        1:   10:    test__set_corporeal_form__valid_corporeal_form__corporeal_form_set();
        1:   11:    test__equality__equal_statues__returns_true();
        1:   12:    test__equality__not_equal_statues__returns_false();
        1:   13:    test__not_equality__not_equal_statues__returns_true();
        1:   14:    test__not_equality__equal_statues__returns_false();
        1:   15:    test__to_string__valid_guardian_statue__returns_statue_as_string();
        1:   16:    test__create_exception__valid_message__exception_created();
        1:   17:}
        -:   18:
        1:   19:void file_repo_tests() {
        1:   20:    test__add_guardian_statue_file__guardian_statue_does_not_exist__guardian_statue_added();
        1:   20-block  0
        1:   21:    test__add_guardian_statue_file__guardian_statue_exists__exception_is_thrown();
        1:   22:    test__delete_guardian_statue_file__guardian_statue_exists__guardian_statue_removed();
        1:   23:    test__delete_guardian_statue_file__guardian_statue_does_not_exist__exception_is_thrown();
        1:   24:    test__update_guardian_statue_file__guardian_statue_exists__guardian_statue_updated();
        1:   25:    test__update_guardian_statue_file__guardian_statue_does_not_exist__exception_is_thrown();
        1:   26:    test__set_file_name__valid_name__file_name_updated();
        1:   27:    test__next__first_guardian_statue__first_guardian_statue_is_returned();
        1:   28:    test__next__last_guardian_statue__first_guardian_statue_is_returned();
        1:   29:    test__save__repository_not_empty__guardian_statue_is_saved();
        1:   30:    test__save__repository_empty__exception_is_thrown();
        1:   31:}
        -:   32:
        1:   33:void service_tests() {
        1:   34:    test__add_guardian_statue__mode_A__guardian_statue_is_added();
        1:   34-block  0
        1:   35:    test__add_guardian_statue__mode_B__exception_is_thrown();
        1:   36:    test__delete_guardian_statue__mode_A__guardian_statue_is_deleted();
        1:   37:    test__delete_guardian_statue__mode_B__exception_is_thrown();
        1:   38:    test__update_guardian_statue__mode_A__guardian_statue_is_updated();
        1:   39:    test__update_guardian_statue__mode_B__exception_is_thrown();
        1:   40:    test__get_mode__valid_mode__mode_is_returned();
        1:   41:    test__get_file__valid_file__file_is_returned();
        1:   42:    test__set_file__valid_file__file_is_set();
        1:   43:    test__save__mode_B__guardian_statue_is_saved();
        1:   44:    test__save__mode_A__exception_is_thrown();
        1:   45:    test__next__mode_B__guardian_statue_is_returned();
        1:   46:    test__next__mode_A__exception_is_thrown();
        1:   47:    test__get_my_list__mode_A__exception_is_thrown();
        1:   48:}
        -:   49:
        1:   50:void tests() {
        1:   51:    domain_tests();
        1:   51-block  0
        1:   52:    file_repo_tests();
        1:   53:    service_tests();
        1:   54:}
