        -:    0:Source:C:/Users/Dan/Desktop/Uni/OOP/Lab7/domain/guardian_statue.h
        -:    0:Graph:C:\Users\Dan\Desktop\Uni\OOP\Lab7\cmake-build-debug\CMakeFiles\Lab7.dir\tests\tests_service.cpp.gcno
        -:    0:Data:C:\Users\Dan\Desktop\Uni\OOP\Lab7\cmake-build-debug\CMakeFiles\Lab7.dir\tests\tests_service.cpp.gcda
        -:    0:Runs:1
        -:    0:Programs:1
        -:    1:#ifndef LAB7_GUARDIAN_STATUE_H
        -:    2:#define LAB7_GUARDIAN_STATUE_H
        -:    3:
        -:    4:#include <string>
        -:    5:
        -:    6:class GuardianStatue {
        -:    7:private:
        -:    8:    std::string power_word_name_;
        -:    9:    std::string material_;
        -:   10:    int age_{};
        -:   11:    std::string corporeal_form_;
        -:   12:public:
        -:   13:    GuardianStatue() = default;
        -:   14:    GuardianStatue(const std::string &power_word_name, const std::string &material, int age, const std::string &corporeal_form);
        -:   15:    GuardianStatue(GuardianStatue const &guardian_statue);
    #####:   16:    virtual ~GuardianStatue() = default;
------------------
_ZN14GuardianStatueD0Ev:
    #####:   16:    virtual ~GuardianStatue() = default;
    %%%%%:   16-block  0
------------------
_ZN14GuardianStatueD1Ev:
    #####:   16:    virtual ~GuardianStatue() = default;
    %%%%%:   16-block  0
------------------
        -:   17:    const std::string &get_power_word_name() const;
        -:   18:    void set_power_word_name(const std::string &power_word_name);
        -:   19:    const std::string &get_material() const;
        -:   20:    void set_material(const std::string &material);
        -:   21:    int get_age() const;
        -:   22:    void set_age(int age);
        -:   23:    const std::string &get_corporeal_form() const;
        -:   24:    void set_corporeal_form(const std::string &corporeal_form);
        -:   25:    bool operator==(const GuardianStatue &other) const;
        -:   26:    bool operator!=(const GuardianStatue &other) const;
        -:   27:    friend std::istream& operator>>(std::istream& input, GuardianStatue& guardian_statue);
        -:   28:    friend std::ostream& operator<<(std::ostream& output, const GuardianStatue& guardian_statue);
        -:   29:    std::string to_string();
        -:   30:};
        -:   31:
        -:   32:
        -:   33:#endif//LAB7_GUARDIAN_STATUE_H
